Flow report for signal
Sun Sep 18 09:28:15 2016
Quartus II 64-Bit Version 13.0.1 Build 232 06/12/2013 Service Pack 1 SJ Full Version


---------------------
; Table of Contents ;
---------------------
  1. Legal Notice
  2. Flow Summary
  3. Flow Settings
  4. Flow Non-Default Global Settings
  5. Flow Elapsed Time
  6. Flow OS Summary
  7. Flow Log
  8. Flow Messages
  9. Flow Suppressed Messages



----------------
; Legal Notice ;
----------------
Copyright (C) 1991-2013 Altera Corporation
Your use of Altera Corporation's design tools, logic functions 
and other software and tools, and its AMPP partner logic 
functions, and any output files from any of the foregoing 
(including device programming or simulation files), and any 
associated documentation or information are expressly subject 
to the terms and conditions of the Altera Program License 
Subscription Agreement, Altera MegaCore Function License 
Agreement, or other applicable license agreement, including, 
without limitation, that your use is for the sole purpose of 
programming logic devices manufactured by Altera and sold by 
Altera or its authorized distributors.  Please refer to the 
applicable agreement for further details.



+---------------------------------------------------------------------------------------+
; Flow Summary                                                                          ;
+------------------------------------+--------------------------------------------------+
; Flow Status                        ; Successful - Sun Sep 18 09:28:04 2016            ;
; Quartus II 64-Bit Version          ; 13.0.1 Build 232 06/12/2013 SP 1 SJ Full Version ;
; Revision Name                      ; signal                                           ;
; Top-level Entity Name              ; signal                                           ;
; Family                             ; Cyclone IV E                                     ;
; Device                             ; EP4CE6E22C8                                      ;
; Timing Models                      ; Final                                            ;
; Total logic elements               ; 1,794 / 6,272 ( 29 % )                           ;
;     Total combinational functions  ; 1,770 / 6,272 ( 28 % )                           ;
;     Dedicated logic registers      ; 280 / 6,272 ( 4 % )                              ;
; Total registers                    ; 280                                              ;
; Total pins                         ; 30 / 92 ( 33 % )                                 ;
; Total virtual pins                 ; 0                                                ;
; Total memory bits                  ; 2,048 / 276,480 ( < 1 % )                        ;
; Embedded Multiplier 9-bit elements ; 0 / 30 ( 0 % )                                   ;
; Total PLLs                         ; 2 / 2 ( 100 % )                                  ;
+------------------------------------+--------------------------------------------------+


+-----------------------------------------+
; Flow Settings                           ;
+-------------------+---------------------+
; Option            ; Setting             ;
+-------------------+---------------------+
; Start date & time ; 09/18/2016 09:27:30 ;
; Main task         ; Compilation         ;
; Revision Name     ; signal              ;
+-------------------+---------------------+


+------------------------------------------------------------------------------------------------------------------------+
; Flow Non-Default Global Settings                                                                                       ;
+-------------------------------------+---------------------------------------+---------------+-------------+------------+
; Assignment Name                     ; Value                                 ; Default Value ; Entity Name ; Section Id ;
+-------------------------------------+---------------------------------------+---------------+-------------+------------+
; COMPILER_SIGNATURE_ID               ; 101789162997751.147416205009832       ; --            ; --          ; --         ;
; IP_TOOL_NAME                        ; ALTPLL                                ; --            ; --          ; --         ;
; IP_TOOL_NAME                        ; ALTPLL                                ; --            ; --          ; --         ;
; IP_TOOL_NAME                        ; ROM: 1-PORT                           ; --            ; --          ; --         ;
; IP_TOOL_VERSION                     ; 13.0                                  ; --            ; --          ; --         ;
; IP_TOOL_VERSION                     ; 13.0                                  ; --            ; --          ; --         ;
; IP_TOOL_VERSION                     ; 13.0                                  ; --            ; --          ; --         ;
; MAX_CORE_JUNCTION_TEMP              ; 85                                    ; --            ; --          ; --         ;
; MIN_CORE_JUNCTION_TEMP              ; 0                                     ; --            ; --          ; --         ;
; MISC_FILE                           ; altpll0.bsf                           ; --            ; --          ; --         ;
; MISC_FILE                           ; altpll0_inst.v                        ; --            ; --          ; --         ;
; MISC_FILE                           ; altpll0_bb.v                          ; --            ; --          ; --         ;
; MISC_FILE                           ; altpll0.ppf                           ; --            ; --          ; --         ;
; MISC_FILE                           ; altpll1.bsf                           ; --            ; --          ; --         ;
; MISC_FILE                           ; altpll1_inst.v                        ; --            ; --          ; --         ;
; MISC_FILE                           ; altpll1_bb.v                          ; --            ; --          ; --         ;
; MISC_FILE                           ; altpll1.ppf                           ; --            ; --          ; --         ;
; MISC_FILE                           ; ROM_sin.bsf                           ; --            ; --          ; --         ;
; MISC_FILE                           ; ROM_sin_inst.v                        ; --            ; --          ; --         ;
; MISC_FILE                           ; ROM_sin_bb.v                          ; --            ; --          ; --         ;
; NOMINAL_CORE_SUPPLY_VOLTAGE         ; 1.2V                                  ; --            ; --          ; --         ;
; PARTITION_COLOR                     ; 16764057                              ; --            ; --          ; Top        ;
; PARTITION_FITTER_PRESERVATION_LEVEL ; PLACEMENT_AND_ROUTING                 ; --            ; --          ; Top        ;
; PARTITION_NETLIST_TYPE              ; SOURCE                                ; --            ; --          ; Top        ;
; POWER_BOARD_THERMAL_MODEL           ; None (CONSERVATIVE)                   ; --            ; --          ; --         ;
; POWER_PRESET_COOLING_SOLUTION       ; 23 MM HEAT SINK WITH 200 LFPM AIRFLOW ; --            ; --          ; --         ;
; PROJECT_OUTPUT_DIRECTORY            ; output_files                          ; --            ; --          ; --         ;
+-------------------------------------+---------------------------------------+---------------+-------------+------------+


+-------------------------------------------------------------------------------------------------------------------------------+
; Flow Elapsed Time                                                                                                             ;
+---------------------------+--------------+-------------------------+---------------------+------------------------------------+
; Module Name               ; Elapsed Time ; Average Processors Used ; Peak Virtual Memory ; Total CPU Time (on all processors) ;
+---------------------------+--------------+-------------------------+---------------------+------------------------------------+
; Analysis & Synthesis      ; 00:00:09     ; 1.0                     ; 547 MB              ; 00:00:08                           ;
; Fitter                    ; 00:00:21     ; 1.4                     ; 1034 MB             ; 00:00:25                           ;
; Assembler                 ; 00:00:02     ; 1.0                     ; 454 MB              ; 00:00:01                           ;
; TimeQuest Timing Analyzer ; 00:00:10     ; 1.4                     ; 597 MB              ; 00:00:11                           ;
; Total                     ; 00:00:42     ; --                      ; --                  ; 00:00:45                           ;
+---------------------------+--------------+-------------------------+---------------------+------------------------------------+


+----------------------------------------------------------------------------------------+
; Flow OS Summary                                                                        ;
+---------------------------+------------------+-----------+------------+----------------+
; Module Name               ; Machine Hostname ; OS Name   ; OS Version ; Processor type ;
+---------------------------+------------------+-----------+------------+----------------+
; Analysis & Synthesis      ; DESKTOP-81KGJCC  ; Windows 7 ; 6.2        ; x86_64         ;
; Fitter                    ; DESKTOP-81KGJCC  ; Windows 7 ; 6.2        ; x86_64         ;
; Assembler                 ; DESKTOP-81KGJCC  ; Windows 7 ; 6.2        ; x86_64         ;
; TimeQuest Timing Analyzer ; DESKTOP-81KGJCC  ; Windows 7 ; 6.2        ; x86_64         ;
+---------------------------+------------------+-----------+------------+----------------+


------------
; Flow Log ;
------------
quartus_map --read_settings_files=on --write_settings_files=off signal -c signal
quartus_fit --read_settings_files=off --write_settings_files=off signal -c signal
quartus_asm --read_settings_files=off --write_settings_files=off signal -c signal
quartus_sta signal -c signal



